Error: CCI compilation error -c:\users\demo\appdata\local\temp\1\brr_ure.572\global_dir\11603682\pre_cci.c: Action.c:61: error: syntax error; found `;' expecting `)'.	[MsgId: MERR-19799]
Error: CCI compilation error -c:\users\demo\appdata\local\temp\1\brr_ure.572\global_dir\11603682\pre_cci.c: c:\\users\\demo\\appdata\\local\\temp\\1\\brr_ure.572\\global_dir\\11603682\\combined_AOS_Shopping.c:6: error: 1 errors, not writing pre_cci.ci.	[MsgId: MERR-19799]
Error: Vuser compilation failed. Please set CCIDebug to Off in CCI section of mdrv.dat file.	[MsgId: MERR-19797]
Warning: Extension cciext.dll reports error -19797 on call to function ExtPerProcessInitialize	[MsgId: MWAR-10485]
Error: Thread Context: Call to service of the driver failed, reason - thread context wasn't initialized on this thread.	[MsgId: MERR-10176]
